<?xml version="1.0" encoding="UTF-8"?>
<!-- Generated by org.testng.reporters.JUnitXMLReporter -->
<testsuite ignored="0" hostname="BLLT-5CD112M29V" failures="0" tests="4" name="Test" time="0.038" errors="0" timestamp="2022-07-18T00:19:31 IST">
  <testcase classname="qaclickacademy.SeleniumTest" name="BrowserAUtomation" time="0.005"/>
  <testcase classname="qaclickacademy.SeleniumTest" name="elementsUi" time="0.002"/>
  <testcase classname="qaclickacademy.RESTAPITest" name="deleteTwitter" time="0.001"/>
  <testcase classname="qaclickacademy.RESTAPITest" name="postJira" time="0.001"/>
</testsuite> <!-- Test -->
