<?xml version="1.0" encoding="UTF-8"?>
<testng-results ignored="0" total="4" passed="4" failed="0" skipped="0">
  <reporter-output>
  </reporter-output>
  <suite started-at="2022-07-18T00:19:31 IST" name="Suite" finished-at="2022-07-18T00:19:31 IST" duration-ms="38">
    <groups>
    </groups>
    <test started-at="2022-07-18T00:19:31 IST" name="Test" finished-at="2022-07-18T00:19:31 IST" duration-ms="38">
      <class name="qaclickacademy.RESTAPITest">
        <test-method signature="deleteTwitter()[pri:0, instance:qaclickacademy.RESTAPITest@10d307f1]" started-at="2022-07-18T00:19:31 IST" name="deleteTwitter" finished-at="2022-07-18T00:19:31 IST" duration-ms="1" status="PASS">
          <reporter-output>
          </reporter-output>
        </test-method> <!-- deleteTwitter -->
        <test-method signature="postJira()[pri:0, instance:qaclickacademy.RESTAPITest@10d307f1]" started-at="2022-07-18T00:19:31 IST" name="postJira" finished-at="2022-07-18T00:19:31 IST" duration-ms="1" status="PASS">
          <reporter-output>
          </reporter-output>
        </test-method> <!-- postJira -->
      </class> <!-- qaclickacademy.RESTAPITest -->
      <class name="qaclickacademy.SeleniumTest">
        <test-method signature="BrowserAUtomation()[pri:0, instance:qaclickacademy.SeleniumTest@20f5239f]" started-at="2022-07-18T00:19:31 IST" name="BrowserAUtomation" finished-at="2022-07-18T00:19:31 IST" duration-ms="5" status="PASS">
          <reporter-output>
          </reporter-output>
        </test-method> <!-- BrowserAUtomation -->
        <test-method signature="elementsUi()[pri:0, instance:qaclickacademy.SeleniumTest@20f5239f]" started-at="2022-07-18T00:19:31 IST" name="elementsUi" finished-at="2022-07-18T00:19:31 IST" duration-ms="2" status="PASS">
          <reporter-output>
          </reporter-output>
        </test-method> <!-- elementsUi -->
      </class> <!-- qaclickacademy.SeleniumTest -->
    </test> <!-- Test -->
  </suite> <!-- Suite -->
</testng-results>
